# JRE version: OpenJDK Runtime Environment (11.0.5+10) (build 11.0.5+10-post-Ubuntu-0ubuntu1.119.04)
# Java VM: OpenJDK 64-Bit Server VM (11.0.5+10-post-Ubuntu-0ubuntu1.119.04, mixed mode, sharing, tiered, compressed oops, g1 gc, linux-amd64)
Heap:
 garbage-first heap   total 584704K, used 110311K [0x0000000087200000, 0x0000000100000000)
  region size 1024K, 2 young (2048K), 2 survivors (2048K)
 Metaspace       used 51442K, capacity 52927K, committed 53244K, reserved 1095680K
  class space    used 7052K, capacity 7682K, committed 7808K, reserved 1048576K
GC Heap History (20 events):
Event: 23,067 GC heap after
{Heap after GC invocations=14 (full 0):
 garbage-first heap   total 193536K, used 94595K [0x0000000087200000, 0x0000000100000000)
  region size 1024K, 3 young (3072K), 3 survivors (3072K)
 Metaspace       used 51363K, capacity 52854K, committed 52860K, reserved 1095680K
  class space    used 7051K, capacity 7680K, committed 7680K, reserved 1048576K
}
Event: 23,224 GC heap before
{Heap before GC invocations=14 (full 0):
 garbage-first heap   total 196608K, used 192899K [0x0000000087200000, 0x0000000100000000)
  region size 1024K, 13 young (13312K), 3 survivors (3072K)
 Metaspace       used 51384K, capacity 52860K, committed 52988K, reserved 1095680K
  class space    used 7052K, capacity 7681K, committed 7808K, reserved 1048576K
}
Event: 23,243 GC heap after
{Heap after GC invocations=15 (full 0):
 garbage-first heap   total 200704K, used 91037K [0x0000000087200000, 0x0000000100000000)
  region size 1024K, 4 young (4096K), 4 survivors (4096K)
 Metaspace       used 51384K, capacity 52860K, committed 52988K, reserved 1095680K
  class space    used 7052K, capacity 7681K, committed 7808K, reserved 1048576K
}
Event: 23,375 GC heap before
{Heap before GC invocations=16 (full 0):
 garbage-first heap   total 200704K, used 115613K [0x0000000087200000, 0x0000000100000000)
  region size 1024K, 13 young (13312K), 4 survivors (4096K)
 Metaspace       used 51389K, capacity 52924K, committed 53244K, reserved 1095680K
  class space    used 7052K, capacity 7681K, committed 7808K, reserved 1048576K
}
Event: 23,385 GC heap after
{Heap after GC invocations=17 (full 0):
 garbage-first heap   total 200704K, used 92492K [0x0000000087200000, 0x0000000100000000)
  region size 1024K, 5 young (5120K), 5 survivors (5120K)
 Metaspace       used 51389K, capacity 52924K, committed 53244K, reserved 1095680K
  class space    used 7052K, capacity 7681K, committed 7808K, reserved 1048576K
}
Event: 23,611 GC heap before
{Heap before GC invocations=18 (full 0):
 garbage-first heap   total 200704K, used 167244K [0x0000000087200000, 0x0000000100000000)
  region size 1024K, 17 young (17408K), 5 survivors (5120K)
 Metaspace       used 51392K, capacity 52924K, committed 53244K, reserved 1095680K
  class space    used 7052K, capacity 7681K, committed 7808K, reserved 1048576K
}
Event: 23,619 GC heap after
{Heap after GC invocations=19 (full 0):
 garbage-first heap   total 200704K, used 93290K [0x0000000087200000, 0x0000000100000000)
  region size 1024K, 4 young (4096K), 4 survivors (4096K)
 Metaspace       used 51392K, capacity 52924K, committed 53244K, reserved 1095680K
  class space    used 7052K, capacity 7681K, committed 7808K, reserved 1048576K
}
Event: 23,890 GC heap before
{Heap before GC invocations=20 (full 0):
 garbage-first heap   total 200704K, used 193642K [0x0000000087200000, 0x0000000100000000)
  region size 1024K, 14 young (14336K), 4 survivors (4096K)
 Metaspace       used 51392K, capacity 52924K, committed 53244K, reserved 1095680K
  class space    used 7052K, capacity 7681K, committed 7808K, reserved 1048576K
}
Event: 23,900 GC heap after
{Heap after GC invocations=21 (full 0):
 garbage-first heap   total 202752K, used 99143K [0x0000000087200000, 0x0000000100000000)
  region size 1024K, 3 young (3072K), 3 survivors (3072K)
 Metaspace       used 51392K, capacity 52924K, committed 53244K, reserved 1095680K
  class space    used 7052K, capacity 7681K, committed 7808K, reserved 1048576K
}
Event: 24,109 GC heap before
{Heap before GC invocations=22 (full 0):
 garbage-first heap   total 202752K, used 170823K [0x0000000087200000, 0x0000000100000000)
  region size 1024K, 6 young (6144K), 3 survivors (3072K)
 Metaspace       used 51412K, capacity 52924K, committed 53244K, reserved 1095680K
  class space    used 7052K, capacity 7681K, committed 7808K, reserved 1048576K
}
Event: 24,116 GC heap after
{Heap after GC invocations=23 (full 0):
 garbage-first heap   total 202752K, used 100160K [0x0000000087200000, 0x0000000100000000)
  region size 1024K, 3 young (3072K), 3 survivors (3072K)
 Metaspace       used 51412K, capacity 52924K, committed 53244K, reserved 1095680K
  class space    used 7052K, capacity 7681K, committed 7808K, reserved 1048576K
}
Event: 24,334 GC heap before
{Heap before GC invocations=24 (full 0):
 garbage-first heap   total 202752K, used 177984K [0x0000000087200000, 0x0000000100000000)
  region size 1024K, 7 young (7168K), 3 survivors (3072K)
 Metaspace       used 51416K, capacity 52924K, committed 53244K, reserved 1095680K
  class space    used 7052K, capacity 7681K, committed 7808K, reserved 1048576K
}
Event: 24,354 GC heap after
{Heap after GC invocations=25 (full 0):
 garbage-first heap   total 202752K, used 107649K [0x0000000087200000, 0x0000000100000000)
  region size 1024K, 3 young (3072K), 3 survivors (3072K)
 Metaspace       used 51416K, capacity 52924K, committed 53244K, reserved 1095680K
  class space    used 7052K, capacity 7681K, committed 7808K, reserved 1048576K
}
Event: 24,702 GC heap before
{Heap before GC invocations=26 (full 0):
 garbage-first heap   total 202752K, used 137345K [0x0000000087200000, 0x0000000100000000)
  region size 1024K, 4 young (4096K), 3 survivors (3072K)
 Metaspace       used 51429K, capacity 52924K, committed 53244K, reserved 1095680K
  class space    used 7052K, capacity 7681K, committed 7808K, reserved 1048576K
}
Event: 24,755 GC heap after
{Heap after GC invocations=27 (full 0):
 garbage-first heap   total 202752K, used 122059K [0x0000000087200000, 0x0000000100000000)
  region size 1024K, 3 young (3072K), 3 survivors (3072K)
 Metaspace       used 51429K, capacity 52924K, committed 53244K, reserved 1095680K
  class space    used 7052K, capacity 7681K, committed 7808K, reserved 1048576K
}
Event: 25,279 GC heap before
{Heap before GC invocations=28 (full 0):
 garbage-first heap   total 271360K, used 239819K [0x0000000087200000, 0x0000000100000000)
  region size 1024K, 5 young (5120K), 3 survivors (3072K)
 Metaspace       used 51432K, capacity 52924K, committed 53244K, reserved 1095680K
  class space    used 7052K, capacity 7681K, committed 7808K, reserved 1048576K
}
Event: 25,431 GC heap after
{Heap after GC invocations=29 (full 0):
 garbage-first heap   total 271360K, used 111914K [0x0000000087200000, 0x0000000100000000)
  region size 1024K, 2 young (2048K), 2 survivors (2048K)
 Metaspace       used 51432K, capacity 52924K, committed 53244K, reserved 1095680K
  class space    used 7052K, capacity 7681K, committed 7808K, reserved 1048576K
}
Event: 26,225 GC heap before
{Heap before GC invocations=30 (full 0):
 garbage-first heap   total 271360K, used 211242K [0x0000000087200000, 0x0000000100000000)
  region size 1024K, 3 young (3072K), 2 survivors (2048K)
 Metaspace       used 51433K, capacity 52924K, committed 53244K, reserved 1095680K
  class space    used 7052K, capacity 7681K, committed 7808K, reserved 1048576K
}
Event: 26,315 GC heap after
{Heap after GC invocations=31 (full 0):
 garbage-first heap   total 271360K, used 141615K [0x0000000087200000, 0x0000000100000000)
  region size 1024K, 2 young (2048K), 2 survivors (2048K)
 Metaspace       used 51433K, capacity 52924K, committed 53244K, reserved 1095680K
  class space    used 7052K, capacity 7681K, committed 7808K, reserved 1048576K
}
Event: 27,840 GC heap before
{Heap before GC invocations=32 (full 0):
 garbage-first heap   total 271360K, used 221487K [0x0000000087200000, 0x0000000100000000)
  region size 1024K, 9 young (9216K), 2 survivors (2048K)
 Metaspace       used 51442K, capacity 52927K, committed 53244K, reserved 1095680K
  class space    used 7052K, capacity 7682K, committed 7808K, reserved 1048576K
}

